<?xml version='1.0'?>
<ns2:test-suite xmlns:ns2='urn:model.allure.qatools.yandex.ru' start='1726917801754' stop='1726917863321'>
    <name>Personas_Valida_Pantalla</name>
    <title>Personas_Valida_Pantalla</title>
    <test-cases>
        <test-case start='1726917801754' status='failed' stop='1726917863271'>
            <name>Validar_Pantalla_Personas</name>
            <title>Validar_Pantalla_Personas</title>
            <labels/>
            <parameters/>
            <steps/>
            <attachments/>
            <failure>
                <message>Timed out retrying after 30000ms: Expected to find element: `#Tab_TABS_TABSCONTROLContainerpanel1`, but never found it.</message>
                <stack-trace>AssertionError: Timed out retrying after 30000ms: Expected to find element: `#Tab_TABS_TABSCONTROLContainerpanel1`, but never found it.
                    at Context.eval (webpack://godoycruz_cypress/./cypress/support/pageObjects/2-proyectoDos_PO/proyectoDos_Personas_PO.cy.js:62:77)</stack-trace>
            </failure>
        </test-case>
    </test-cases>
</ns2:test-suite>